[0.233s] Invoking command in '/home/ommore5807/Workspaces/ros2_py_ws/build/udemy_ros2_pkg': CMAKE_PREFIX_PATH=${CMAKE_PREFIX_PATH}:/home/ommore5807/Workspaces/ros2_py_ws/install/my_py_pkg:/opt/ros/humble /usr/bin/cmake /home/ommore5807/Workspaces/ros2_py_ws/src/udemy_ros2_pkg -DAMENT_CMAKE_SYMLINK_INSTALL=1 -DCMAKE_INSTALL_PREFIX=/home/ommore5807/Workspaces/ros2_py_ws/install/udemy_ros2_pkg
[0.649s] -- The C compiler identification is GNU 11.4.0
[0.915s] -- The CXX compiler identification is GNU 11.4.0
[0.944s] -- Detecting C compiler ABI info
[1.272s] -- Detecting C compiler ABI info - done
[1.278s] -- Check for working C compiler: /usr/bin/cc - skipped
[1.283s] -- Detecting C compile features
[1.285s] -- Detecting C compile features - done
[1.293s] -- Detecting CXX compiler ABI info
[1.482s] -- Detecting CXX compiler ABI info - done
[1.489s] -- Check for working CXX compiler: /usr/bin/c++ - skipped
[1.489s] -- Detecting CXX compile features
[1.489s] -- Detecting CXX compile features - done
[1.521s] -- Found ament_cmake: 1.3.12 (/opt/ros/humble/share/ament_cmake/cmake)
[1.744s] -- Found Python3: /usr/bin/python3 (found version "3.10.12") found components: Interpreter 
[1.857s] -- Override CMake install command with custom implementation using symlinks instead of copying resources
[1.949s] -- Found rclpy: 3.3.17 (/opt/ros/humble/share/rclpy/cmake)
[2.124s] -- Found ament_lint_auto: 0.12.14 (/opt/ros/humble/share/ament_lint_auto/cmake)
[2.229s] -- Added test 'flake8' to check Python code syntax and style conventions
[2.231s] -- Added test 'lint_cmake' to check CMake code style
[2.233s] -- Added test 'pep257' to check Python code against some of the docstring style conventions in PEP 257
[2.235s] -- Added test 'xmllint' to check XML markup files
[2.238s] -- Configuring done
[2.247s] -- Generating done
[2.249s] -- Build files have been written to: /home/ommore5807/Workspaces/ros2_py_ws/build/udemy_ros2_pkg
[2.259s] Invoked command in '/home/ommore5807/Workspaces/ros2_py_ws/build/udemy_ros2_pkg' returned '0': CMAKE_PREFIX_PATH=${CMAKE_PREFIX_PATH}:/home/ommore5807/Workspaces/ros2_py_ws/install/my_py_pkg:/opt/ros/humble /usr/bin/cmake /home/ommore5807/Workspaces/ros2_py_ws/src/udemy_ros2_pkg -DAMENT_CMAKE_SYMLINK_INSTALL=1 -DCMAKE_INSTALL_PREFIX=/home/ommore5807/Workspaces/ros2_py_ws/install/udemy_ros2_pkg
[2.259s] Invoking command in '/home/ommore5807/Workspaces/ros2_py_ws/build/udemy_ros2_pkg': CMAKE_PREFIX_PATH=${CMAKE_PREFIX_PATH}:/home/ommore5807/Workspaces/ros2_py_ws/install/my_py_pkg:/opt/ros/humble /usr/bin/cmake --build /home/ommore5807/Workspaces/ros2_py_ws/build/udemy_ros2_pkg -- -j2 -l2
[2.345s] Built target ament_cmake_python_symlink_scripts
[2.584s] running egg_info
[2.585s] creating scripts.egg-info
[2.585s] writing scripts.egg-info/PKG-INFO
[2.586s] writing dependency_links to scripts.egg-info/dependency_links.txt
[2.587s] writing top-level names to scripts.egg-info/top_level.txt
[2.588s] writing manifest file 'scripts.egg-info/SOURCES.txt'
[2.590s] reading manifest file 'scripts.egg-info/SOURCES.txt'
[2.591s] writing manifest file 'scripts.egg-info/SOURCES.txt'
[2.633s] Built target ament_cmake_python_build_scripts_egg
[2.648s] Invoked command in '/home/ommore5807/Workspaces/ros2_py_ws/build/udemy_ros2_pkg' returned '0': CMAKE_PREFIX_PATH=${CMAKE_PREFIX_PATH}:/home/ommore5807/Workspaces/ros2_py_ws/install/my_py_pkg:/opt/ros/humble /usr/bin/cmake --build /home/ommore5807/Workspaces/ros2_py_ws/build/udemy_ros2_pkg -- -j2 -l2
[2.666s] Invoking command in '/home/ommore5807/Workspaces/ros2_py_ws/build/udemy_ros2_pkg': CMAKE_PREFIX_PATH=${CMAKE_PREFIX_PATH}:/home/ommore5807/Workspaces/ros2_py_ws/install/my_py_pkg:/opt/ros/humble /usr/bin/cmake --install /home/ommore5807/Workspaces/ros2_py_ws/build/udemy_ros2_pkg
[2.676s] -- Install configuration: ""
[2.677s] -- Execute custom install script
[2.677s] -- Symlinking: /home/ommore5807/Workspaces/ros2_py_ws/install/udemy_ros2_pkg/share/udemy_ros2_pkg/environment/pythonpath.sh
[2.695s] -- Symlinking: /home/ommore5807/Workspaces/ros2_py_ws/install/udemy_ros2_pkg/share/udemy_ros2_pkg/environment/pythonpath.dsv
[2.712s] -- Symlinking: /home/ommore5807/Workspaces/ros2_py_ws/install/udemy_ros2_pkg/local/lib/python3.10/dist-packages/scripts-0.0.0-py3.10.egg-info/PKG-INFO
[2.731s] -- Symlinking: /home/ommore5807/Workspaces/ros2_py_ws/install/udemy_ros2_pkg/local/lib/python3.10/dist-packages/scripts-0.0.0-py3.10.egg-info/SOURCES.txt
[2.746s] -- Symlinking: /home/ommore5807/Workspaces/ros2_py_ws/install/udemy_ros2_pkg/local/lib/python3.10/dist-packages/scripts-0.0.0-py3.10.egg-info/dependency_links.txt
[2.758s] -- Symlinking: /home/ommore5807/Workspaces/ros2_py_ws/install/udemy_ros2_pkg/local/lib/python3.10/dist-packages/scripts-0.0.0-py3.10.egg-info/top_level.txt
[2.771s] -- Symlinking: /home/ommore5807/Workspaces/ros2_py_ws/install/udemy_ros2_pkg/local/lib/python3.10/dist-packages/scripts/__init__.py
[2.781s] -- Symlinking: /home/ommore5807/Workspaces/ros2_py_ws/install/udemy_ros2_pkg/local/lib/python3.10/dist-packages/scripts/publisher.py
[2.797s] -- Symlinking: /home/ommore5807/Workspaces/ros2_py_ws/install/udemy_ros2_pkg/local/lib/python3.10/dist-packages/scripts/subscriber.py
[2.810s] -- Symlinking: /home/ommore5807/Workspaces/ros2_py_ws/install/udemy_ros2_pkg/lib/udemy_ros2_pkg/publisher.py
[2.821s] -- Symlinking: /home/ommore5807/Workspaces/ros2_py_ws/install/udemy_ros2_pkg/lib/udemy_ros2_pkg/subscriber.py
[2.837s] -- Symlinking: /home/ommore5807/Workspaces/ros2_py_ws/install/udemy_ros2_pkg/share/ament_index/resource_index/package_run_dependencies/udemy_ros2_pkg
[2.849s] -- Symlinking: /home/ommore5807/Workspaces/ros2_py_ws/install/udemy_ros2_pkg/share/ament_index/resource_index/parent_prefix_path/udemy_ros2_pkg
[2.863s] -- Symlinking: /home/ommore5807/Workspaces/ros2_py_ws/install/udemy_ros2_pkg/share/udemy_ros2_pkg/environment/ament_prefix_path.sh
[2.876s] -- Symlinking: /home/ommore5807/Workspaces/ros2_py_ws/install/udemy_ros2_pkg/share/udemy_ros2_pkg/environment/ament_prefix_path.dsv
[2.892s] -- Symlinking: /home/ommore5807/Workspaces/ros2_py_ws/install/udemy_ros2_pkg/share/udemy_ros2_pkg/environment/path.sh
[2.909s] -- Symlinking: /home/ommore5807/Workspaces/ros2_py_ws/install/udemy_ros2_pkg/share/udemy_ros2_pkg/environment/path.dsv
[2.921s] -- Symlinking: /home/ommore5807/Workspaces/ros2_py_ws/install/udemy_ros2_pkg/share/udemy_ros2_pkg/local_setup.bash
[2.935s] -- Symlinking: /home/ommore5807/Workspaces/ros2_py_ws/install/udemy_ros2_pkg/share/udemy_ros2_pkg/local_setup.sh
[2.949s] -- Symlinking: /home/ommore5807/Workspaces/ros2_py_ws/install/udemy_ros2_pkg/share/udemy_ros2_pkg/local_setup.zsh
[2.964s] -- Symlinking: /home/ommore5807/Workspaces/ros2_py_ws/install/udemy_ros2_pkg/share/udemy_ros2_pkg/local_setup.dsv
[2.976s] -- Symlinking: /home/ommore5807/Workspaces/ros2_py_ws/install/udemy_ros2_pkg/share/udemy_ros2_pkg/package.dsv
[2.991s] -- Symlinking: /home/ommore5807/Workspaces/ros2_py_ws/install/udemy_ros2_pkg/share/ament_index/resource_index/packages/udemy_ros2_pkg
[3.005s] -- Symlinking: /home/ommore5807/Workspaces/ros2_py_ws/install/udemy_ros2_pkg/share/udemy_ros2_pkg/cmake/udemy_ros2_pkgConfig.cmake
[3.022s] -- Symlinking: /home/ommore5807/Workspaces/ros2_py_ws/install/udemy_ros2_pkg/share/udemy_ros2_pkg/cmake/udemy_ros2_pkgConfig-version.cmake
[3.034s] -- Symlinking: /home/ommore5807/Workspaces/ros2_py_ws/install/udemy_ros2_pkg/share/udemy_ros2_pkg/package.xml
[3.084s] Listing '/home/ommore5807/Workspaces/ros2_py_ws/install/udemy_ros2_pkg/local/lib/python3.10/dist-packages/scripts'...
[3.084s] Compiling '/home/ommore5807/Workspaces/ros2_py_ws/install/udemy_ros2_pkg/local/lib/python3.10/dist-packages/scripts/__init__.py'...
[3.084s] Compiling '/home/ommore5807/Workspaces/ros2_py_ws/install/udemy_ros2_pkg/local/lib/python3.10/dist-packages/scripts/publisher.py'...
[3.084s] Compiling '/home/ommore5807/Workspaces/ros2_py_ws/install/udemy_ros2_pkg/local/lib/python3.10/dist-packages/scripts/subscriber.py'...
[3.096s] Invoked command in '/home/ommore5807/Workspaces/ros2_py_ws/build/udemy_ros2_pkg' returned '0': CMAKE_PREFIX_PATH=${CMAKE_PREFIX_PATH}:/home/ommore5807/Workspaces/ros2_py_ws/install/my_py_pkg:/opt/ros/humble /usr/bin/cmake --install /home/ommore5807/Workspaces/ros2_py_ws/build/udemy_ros2_pkg
