Built target ament_cmake_python_symlink_scripts
running egg_info
writing scripts.egg-info/PKG-INFO
writing dependency_links to scripts.egg-info/dependency_links.txt
writing top-level names to scripts.egg-info/top_level.txt
reading manifest file 'scripts.egg-info/SOURCES.txt'
writing manifest file 'scripts.egg-info/SOURCES.txt'
Built target ament_cmake_python_build_scripts_egg
-- Install configuration: ""
-- Execute custom install script
-- Up-to-date symlink: /home/ommore5807/Workspaces/ros2_py_ws/install/encoder/share/encoder/environment/pythonpath.sh
-- Up-to-date symlink: /home/ommore5807/Workspaces/ros2_py_ws/install/encoder/share/encoder/environment/pythonpath.dsv
-- Up-to-date symlink: /home/ommore5807/Workspaces/ros2_py_ws/install/encoder/local/lib/python3.10/dist-packages/scripts-0.0.0-py3.10.egg-info/PKG-INFO
-- Up-to-date symlink: /home/ommore5807/Workspaces/ros2_py_ws/install/encoder/local/lib/python3.10/dist-packages/scripts-0.0.0-py3.10.egg-info/SOURCES.txt
-- Up-to-date symlink: /home/ommore5807/Workspaces/ros2_py_ws/install/encoder/local/lib/python3.10/dist-packages/scripts-0.0.0-py3.10.egg-info/dependency_links.txt
-- Up-to-date symlink: /home/ommore5807/Workspaces/ros2_py_ws/install/encoder/local/lib/python3.10/dist-packages/scripts-0.0.0-py3.10.egg-info/top_level.txt
-- Up-to-date symlink: /home/ommore5807/Workspaces/ros2_py_ws/install/encoder/local/lib/python3.10/dist-packages/scripts/__init__.py
-- Up-to-date symlink: /home/ommore5807/Workspaces/ros2_py_ws/install/encoder/local/lib/python3.10/dist-packages/scripts/publisher3.py
-- Up-to-date symlink: /home/ommore5807/Workspaces/ros2_py_ws/install/encoder/local/lib/python3.10/dist-packages/scripts/subscriber3.py
-- Up-to-date symlink: /home/ommore5807/Workspaces/ros2_py_ws/install/encoder/lib/encoder/publisher3.py
-- Up-to-date symlink: /home/ommore5807/Workspaces/ros2_py_ws/install/encoder/lib/encoder/subscriber3.py
-- Up-to-date symlink: /home/ommore5807/Workspaces/ros2_py_ws/install/encoder/share/ament_index/resource_index/package_run_dependencies/encoder
-- Up-to-date symlink: /home/ommore5807/Workspaces/ros2_py_ws/install/encoder/share/ament_index/resource_index/parent_prefix_path/encoder
-- Up-to-date symlink: /home/ommore5807/Workspaces/ros2_py_ws/install/encoder/share/encoder/environment/ament_prefix_path.sh
-- Up-to-date symlink: /home/ommore5807/Workspaces/ros2_py_ws/install/encoder/share/encoder/environment/ament_prefix_path.dsv
-- Up-to-date symlink: /home/ommore5807/Workspaces/ros2_py_ws/install/encoder/share/encoder/environment/path.sh
-- Up-to-date symlink: /home/ommore5807/Workspaces/ros2_py_ws/install/encoder/share/encoder/environment/path.dsv
-- Up-to-date symlink: /home/ommore5807/Workspaces/ros2_py_ws/install/encoder/share/encoder/local_setup.bash
-- Up-to-date symlink: /home/ommore5807/Workspaces/ros2_py_ws/install/encoder/share/encoder/local_setup.sh
-- Up-to-date symlink: /home/ommore5807/Workspaces/ros2_py_ws/install/encoder/share/encoder/local_setup.zsh
-- Up-to-date symlink: /home/ommore5807/Workspaces/ros2_py_ws/install/encoder/share/encoder/local_setup.dsv
-- Symlinking: /home/ommore5807/Workspaces/ros2_py_ws/install/encoder/share/encoder/package.dsv
-- Up-to-date symlink: /home/ommore5807/Workspaces/ros2_py_ws/install/encoder/share/ament_index/resource_index/packages/encoder
-- Up-to-date symlink: /home/ommore5807/Workspaces/ros2_py_ws/install/encoder/share/encoder/cmake/encoderConfig.cmake
-- Up-to-date symlink: /home/ommore5807/Workspaces/ros2_py_ws/install/encoder/share/encoder/cmake/encoderConfig-version.cmake
-- Up-to-date symlink: /home/ommore5807/Workspaces/ros2_py_ws/install/encoder/share/encoder/package.xml
Listing '/home/ommore5807/Workspaces/ros2_py_ws/install/encoder/local/lib/python3.10/dist-packages/scripts'...
