[0.114s] DEBUG:colcon:Command line arguments: ['/usr/bin/colcon', 'build', '--symlink-install']
[0.114s] DEBUG:colcon:Parsed command line arguments: Namespace(log_base=None, log_level=None, verb_name='build', build_base='build', install_base='install', merge_install=False, symlink_install=True, test_result_base=None, continue_on_error=False, executor='parallel', parallel_workers=2, event_handlers=None, ignore_user_meta=False, metas=['./colcon.meta'], base_paths=['.'], packages_ignore=None, packages_ignore_regex=None, paths=None, packages_up_to=None, packages_up_to_regex=None, packages_above=None, packages_above_and_dependencies=None, packages_above_depth=None, packages_select_by_dep=None, packages_skip_by_dep=None, packages_skip_up_to=None, packages_select_build_failed=False, packages_skip_build_finished=False, packages_select_test_failures=False, packages_skip_test_passed=False, packages_select=None, packages_skip=None, packages_select_regex=None, packages_skip_regex=None, packages_start=None, packages_end=None, allow_overriding=[], cmake_args=None, cmake_target=None, cmake_target_skip_unavailable=False, cmake_clean_cache=False, cmake_clean_first=False, cmake_force_configure=False, ament_cmake_args=None, catkin_cmake_args=None, catkin_skip_building_tests=False, mixin_files=None, mixin=None, verb_parser=<colcon_mixin.mixin.mixin_argument.MixinArgumentDecorator object at 0x7e24021411b0>, verb_extension=<colcon_core.verb.build.BuildVerb object at 0x7e240226e0b0>, main=<bound method BuildVerb.main of <colcon_core.verb.build.BuildVerb object at 0x7e240226e0b0>>, mixin_verb=('build',))
[0.257s] Level 1:colcon.colcon_core.package_discovery:discover_packages(colcon_meta) check parameters
[0.257s] Level 1:colcon.colcon_core.package_discovery:discover_packages(recursive) check parameters
[0.257s] Level 1:colcon.colcon_core.package_discovery:discover_packages(ignore) check parameters
[0.257s] Level 1:colcon.colcon_core.package_discovery:discover_packages(path) check parameters
[0.257s] Level 1:colcon.colcon_core.package_discovery:discover_packages(colcon_meta) discover
[0.258s] Level 1:colcon.colcon_core.package_discovery:discover_packages(recursive) discover
[0.258s] INFO:colcon.colcon_core.package_discovery:Crawling recursively for packages in '/home/ommore5807/Workspaces/ros2_py_ws'
[0.258s] Level 1:colcon.colcon_core.package_identification:_identify(.) by extensions ['ignore', 'ignore_ament_install']
[0.259s] Level 1:colcon.colcon_core.package_identification:_identify(.) by extension 'ignore'
[0.259s] Level 1:colcon.colcon_core.package_identification:_identify(.) by extension 'ignore_ament_install'
[0.259s] Level 1:colcon.colcon_core.package_identification:_identify(.) by extensions ['colcon_pkg']
[0.259s] Level 1:colcon.colcon_core.package_identification:_identify(.) by extension 'colcon_pkg'
[0.259s] Level 1:colcon.colcon_core.package_identification:_identify(.) by extensions ['colcon_meta']
[0.259s] Level 1:colcon.colcon_core.package_identification:_identify(.) by extension 'colcon_meta'
[0.259s] Level 1:colcon.colcon_core.package_identification:_identify(.) by extensions ['ros']
[0.259s] Level 1:colcon.colcon_core.package_identification:_identify(.) by extension 'ros'
[0.272s] Level 1:colcon.colcon_core.package_identification:_identify(.) by extensions ['cmake', 'python']
[0.272s] Level 1:colcon.colcon_core.package_identification:_identify(.) by extension 'cmake'
[0.272s] Level 1:colcon.colcon_core.package_identification:_identify(.) by extension 'python'
[0.272s] Level 1:colcon.colcon_core.package_identification:_identify(.) by extensions ['python_setup_py']
[0.272s] Level 1:colcon.colcon_core.package_identification:_identify(.) by extension 'python_setup_py'
[0.272s] Level 1:colcon.colcon_core.package_identification:_identify(build) by extensions ['ignore', 'ignore_ament_install']
[0.272s] Level 1:colcon.colcon_core.package_identification:_identify(build) by extension 'ignore'
[0.272s] Level 1:colcon.colcon_core.package_identification:_identify(build) ignored
[0.273s] Level 1:colcon.colcon_core.package_identification:_identify(install) by extensions ['ignore', 'ignore_ament_install']
[0.273s] Level 1:colcon.colcon_core.package_identification:_identify(install) by extension 'ignore'
[0.273s] Level 1:colcon.colcon_core.package_identification:_identify(install) ignored
[0.273s] Level 1:colcon.colcon_core.package_identification:_identify(log) by extensions ['ignore', 'ignore_ament_install']
[0.274s] Level 1:colcon.colcon_core.package_identification:_identify(log) by extension 'ignore'
[0.274s] Level 1:colcon.colcon_core.package_identification:_identify(log) ignored
[0.274s] Level 1:colcon.colcon_core.package_identification:_identify(src) by extensions ['ignore', 'ignore_ament_install']
[0.274s] Level 1:colcon.colcon_core.package_identification:_identify(src) by extension 'ignore'
[0.274s] Level 1:colcon.colcon_core.package_identification:_identify(src) by extension 'ignore_ament_install'
[0.274s] Level 1:colcon.colcon_core.package_identification:_identify(src) by extensions ['colcon_pkg']
[0.274s] Level 1:colcon.colcon_core.package_identification:_identify(src) by extension 'colcon_pkg'
[0.274s] Level 1:colcon.colcon_core.package_identification:_identify(src) by extensions ['colcon_meta']
[0.274s] Level 1:colcon.colcon_core.package_identification:_identify(src) by extension 'colcon_meta'
[0.274s] Level 1:colcon.colcon_core.package_identification:_identify(src) by extensions ['ros']
[0.274s] Level 1:colcon.colcon_core.package_identification:_identify(src) by extension 'ros'
[0.274s] Level 1:colcon.colcon_core.package_identification:_identify(src) by extensions ['cmake', 'python']
[0.274s] Level 1:colcon.colcon_core.package_identification:_identify(src) by extension 'cmake'
[0.274s] Level 1:colcon.colcon_core.package_identification:_identify(src) by extension 'python'
[0.274s] Level 1:colcon.colcon_core.package_identification:_identify(src) by extensions ['python_setup_py']
[0.274s] Level 1:colcon.colcon_core.package_identification:_identify(src) by extension 'python_setup_py'
[0.274s] Level 1:colcon.colcon_core.package_identification:_identify(src/encoder) by extensions ['ignore', 'ignore_ament_install']
[0.275s] Level 1:colcon.colcon_core.package_identification:_identify(src/encoder) by extension 'ignore'
[0.275s] Level 1:colcon.colcon_core.package_identification:_identify(src/encoder) by extension 'ignore_ament_install'
[0.275s] Level 1:colcon.colcon_core.package_identification:_identify(src/encoder) by extensions ['colcon_pkg']
[0.275s] Level 1:colcon.colcon_core.package_identification:_identify(src/encoder) by extension 'colcon_pkg'
[0.275s] Level 1:colcon.colcon_core.package_identification:_identify(src/encoder) by extensions ['colcon_meta']
[0.275s] Level 1:colcon.colcon_core.package_identification:_identify(src/encoder) by extension 'colcon_meta'
[0.275s] Level 1:colcon.colcon_core.package_identification:_identify(src/encoder) by extensions ['ros']
[0.275s] Level 1:colcon.colcon_core.package_identification:_identify(src/encoder) by extension 'ros'
[0.277s] DEBUG:colcon.colcon_core.package_identification:Package 'src/encoder' with type 'ros.ament_cmake' and name 'encoder'
[0.278s] Level 1:colcon.colcon_core.package_identification:_identify(src/my_py_pkg) by extensions ['ignore', 'ignore_ament_install']
[0.278s] Level 1:colcon.colcon_core.package_identification:_identify(src/my_py_pkg) by extension 'ignore'
[0.278s] Level 1:colcon.colcon_core.package_identification:_identify(src/my_py_pkg) by extension 'ignore_ament_install'
[0.278s] Level 1:colcon.colcon_core.package_identification:_identify(src/my_py_pkg) by extensions ['colcon_pkg']
[0.278s] Level 1:colcon.colcon_core.package_identification:_identify(src/my_py_pkg) by extension 'colcon_pkg'
[0.278s] Level 1:colcon.colcon_core.package_identification:_identify(src/my_py_pkg) by extensions ['colcon_meta']
[0.278s] Level 1:colcon.colcon_core.package_identification:_identify(src/my_py_pkg) by extension 'colcon_meta'
[0.278s] Level 1:colcon.colcon_core.package_identification:_identify(src/my_py_pkg) by extensions ['ros']
[0.278s] Level 1:colcon.colcon_core.package_identification:_identify(src/my_py_pkg) by extension 'ros'
[0.278s] DEBUG:colcon.colcon_core.package_identification:Package 'src/my_py_pkg' with type 'ros.ament_python' and name 'my_py_pkg'
[0.278s] Level 1:colcon.colcon_core.package_identification:_identify(src/udemy_ros2_pkg) by extensions ['ignore', 'ignore_ament_install']
[0.279s] Level 1:colcon.colcon_core.package_identification:_identify(src/udemy_ros2_pkg) by extension 'ignore'
[0.279s] Level 1:colcon.colcon_core.package_identification:_identify(src/udemy_ros2_pkg) by extension 'ignore_ament_install'
[0.279s] Level 1:colcon.colcon_core.package_identification:_identify(src/udemy_ros2_pkg) by extensions ['colcon_pkg']
[0.279s] Level 1:colcon.colcon_core.package_identification:_identify(src/udemy_ros2_pkg) by extension 'colcon_pkg'
[0.279s] Level 1:colcon.colcon_core.package_identification:_identify(src/udemy_ros2_pkg) by extensions ['colcon_meta']
[0.279s] Level 1:colcon.colcon_core.package_identification:_identify(src/udemy_ros2_pkg) by extension 'colcon_meta'
[0.279s] Level 1:colcon.colcon_core.package_identification:_identify(src/udemy_ros2_pkg) by extensions ['ros']
[0.279s] Level 1:colcon.colcon_core.package_identification:_identify(src/udemy_ros2_pkg) by extension 'ros'
[0.280s] DEBUG:colcon.colcon_core.package_identification:Package 'src/udemy_ros2_pkg' with type 'ros.ament_cmake' and name 'udemy_ros2_pkg'
[0.280s] Level 1:colcon.colcon_core.package_discovery:discover_packages(recursive) using defaults
[0.280s] Level 1:colcon.colcon_core.package_discovery:discover_packages(ignore) discover
[0.280s] Level 1:colcon.colcon_core.package_discovery:discover_packages(ignore) using defaults
[0.280s] Level 1:colcon.colcon_core.package_discovery:discover_packages(path) discover
[0.280s] Level 1:colcon.colcon_core.package_discovery:discover_packages(path) using defaults
[0.318s] Level 1:colcon.colcon_core.package_discovery:discover_packages(prefix_path) check parameters
[0.318s] Level 1:colcon.colcon_core.package_discovery:discover_packages(prefix_path) discover
[0.322s] DEBUG:colcon.colcon_installed_package_information.package_discovery:Found 271 installed packages in /opt/ros/humble
[0.323s] Level 1:colcon.colcon_core.package_discovery:discover_packages(prefix_path) using defaults
[0.355s] Level 5:colcon.colcon_core.verb:set package 'encoder' build argument 'cmake_args' from command line to 'None'
[0.355s] Level 5:colcon.colcon_core.verb:set package 'encoder' build argument 'cmake_target' from command line to 'None'
[0.355s] Level 5:colcon.colcon_core.verb:set package 'encoder' build argument 'cmake_target_skip_unavailable' from command line to 'False'
[0.355s] Level 5:colcon.colcon_core.verb:set package 'encoder' build argument 'cmake_clean_cache' from command line to 'False'
[0.355s] Level 5:colcon.colcon_core.verb:set package 'encoder' build argument 'cmake_clean_first' from command line to 'False'
[0.355s] Level 5:colcon.colcon_core.verb:set package 'encoder' build argument 'cmake_force_configure' from command line to 'False'
[0.355s] Level 5:colcon.colcon_core.verb:set package 'encoder' build argument 'ament_cmake_args' from command line to 'None'
[0.355s] Level 5:colcon.colcon_core.verb:set package 'encoder' build argument 'catkin_cmake_args' from command line to 'None'
[0.355s] Level 5:colcon.colcon_core.verb:set package 'encoder' build argument 'catkin_skip_building_tests' from command line to 'False'
[0.356s] DEBUG:colcon.colcon_core.verb:Building package 'encoder' with the following arguments: {'ament_cmake_args': None, 'build_base': '/home/ommore5807/Workspaces/ros2_py_ws/build/encoder', 'catkin_cmake_args': None, 'catkin_skip_building_tests': False, 'cmake_args': None, 'cmake_clean_cache': False, 'cmake_clean_first': False, 'cmake_force_configure': False, 'cmake_target': None, 'cmake_target_skip_unavailable': False, 'install_base': '/home/ommore5807/Workspaces/ros2_py_ws/install/encoder', 'merge_install': False, 'path': '/home/ommore5807/Workspaces/ros2_py_ws/src/encoder', 'symlink_install': True, 'test_result_base': None}
[0.356s] Level 5:colcon.colcon_core.verb:set package 'my_py_pkg' build argument 'cmake_args' from command line to 'None'
[0.356s] Level 5:colcon.colcon_core.verb:set package 'my_py_pkg' build argument 'cmake_target' from command line to 'None'
[0.356s] Level 5:colcon.colcon_core.verb:set package 'my_py_pkg' build argument 'cmake_target_skip_unavailable' from command line to 'False'
[0.356s] Level 5:colcon.colcon_core.verb:set package 'my_py_pkg' build argument 'cmake_clean_cache' from command line to 'False'
[0.356s] Level 5:colcon.colcon_core.verb:set package 'my_py_pkg' build argument 'cmake_clean_first' from command line to 'False'
[0.356s] Level 5:colcon.colcon_core.verb:set package 'my_py_pkg' build argument 'cmake_force_configure' from command line to 'False'
[0.356s] Level 5:colcon.colcon_core.verb:set package 'my_py_pkg' build argument 'ament_cmake_args' from command line to 'None'
[0.356s] Level 5:colcon.colcon_core.verb:set package 'my_py_pkg' build argument 'catkin_cmake_args' from command line to 'None'
[0.356s] Level 5:colcon.colcon_core.verb:set package 'my_py_pkg' build argument 'catkin_skip_building_tests' from command line to 'False'
[0.356s] DEBUG:colcon.colcon_core.verb:Building package 'my_py_pkg' with the following arguments: {'ament_cmake_args': None, 'build_base': '/home/ommore5807/Workspaces/ros2_py_ws/build/my_py_pkg', 'catkin_cmake_args': None, 'catkin_skip_building_tests': False, 'cmake_args': None, 'cmake_clean_cache': False, 'cmake_clean_first': False, 'cmake_force_configure': False, 'cmake_target': None, 'cmake_target_skip_unavailable': False, 'install_base': '/home/ommore5807/Workspaces/ros2_py_ws/install/my_py_pkg', 'merge_install': False, 'path': '/home/ommore5807/Workspaces/ros2_py_ws/src/my_py_pkg', 'symlink_install': True, 'test_result_base': None}
[0.357s] Level 5:colcon.colcon_core.verb:set package 'udemy_ros2_pkg' build argument 'cmake_args' from command line to 'None'
[0.357s] Level 5:colcon.colcon_core.verb:set package 'udemy_ros2_pkg' build argument 'cmake_target' from command line to 'None'
[0.357s] Level 5:colcon.colcon_core.verb:set package 'udemy_ros2_pkg' build argument 'cmake_target_skip_unavailable' from command line to 'False'
[0.357s] Level 5:colcon.colcon_core.verb:set package 'udemy_ros2_pkg' build argument 'cmake_clean_cache' from command line to 'False'
[0.357s] Level 5:colcon.colcon_core.verb:set package 'udemy_ros2_pkg' build argument 'cmake_clean_first' from command line to 'False'
[0.357s] Level 5:colcon.colcon_core.verb:set package 'udemy_ros2_pkg' build argument 'cmake_force_configure' from command line to 'False'
[0.357s] Level 5:colcon.colcon_core.verb:set package 'udemy_ros2_pkg' build argument 'ament_cmake_args' from command line to 'None'
[0.357s] Level 5:colcon.colcon_core.verb:set package 'udemy_ros2_pkg' build argument 'catkin_cmake_args' from command line to 'None'
[0.357s] Level 5:colcon.colcon_core.verb:set package 'udemy_ros2_pkg' build argument 'catkin_skip_building_tests' from command line to 'False'
[0.357s] DEBUG:colcon.colcon_core.verb:Building package 'udemy_ros2_pkg' with the following arguments: {'ament_cmake_args': None, 'build_base': '/home/ommore5807/Workspaces/ros2_py_ws/build/udemy_ros2_pkg', 'catkin_cmake_args': None, 'catkin_skip_building_tests': False, 'cmake_args': None, 'cmake_clean_cache': False, 'cmake_clean_first': False, 'cmake_force_configure': False, 'cmake_target': None, 'cmake_target_skip_unavailable': False, 'install_base': '/home/ommore5807/Workspaces/ros2_py_ws/install/udemy_ros2_pkg', 'merge_install': False, 'path': '/home/ommore5807/Workspaces/ros2_py_ws/src/udemy_ros2_pkg', 'symlink_install': True, 'test_result_base': None}
[0.357s] INFO:colcon.colcon_core.executor:Executing jobs using 'parallel' executor
[0.360s] DEBUG:colcon.colcon_parallel_executor.executor.parallel:run_until_complete
[0.360s] INFO:colcon.colcon_ros.task.ament_cmake.build:Building ROS package in '/home/ommore5807/Workspaces/ros2_py_ws/src/encoder' with build type 'ament_cmake'
[0.360s] INFO:colcon.colcon_cmake.task.cmake.build:Building CMake package in '/home/ommore5807/Workspaces/ros2_py_ws/src/encoder'
[0.364s] INFO:colcon.colcon_core.plugin_system:Skipping extension 'colcon_core.shell.bat': Not used on non-Windows systems
[0.365s] INFO:colcon.colcon_core.shell:Skip shell extension 'powershell' for command environment: Not usable outside of PowerShell
[0.366s] DEBUG:colcon.colcon_core.shell:Skip shell extension 'dsv' for command environment
[0.370s] INFO:colcon.colcon_ros.task.ament_python.build:Building ROS package in '/home/ommore5807/Workspaces/ros2_py_ws/src/my_py_pkg' with build type 'ament_python'
[0.371s] Level 1:colcon.colcon_core.shell:create_environment_hook('my_py_pkg', 'ament_prefix_path')
[0.371s] INFO:colcon.colcon_core.shell:Creating environment hook '/home/ommore5807/Workspaces/ros2_py_ws/install/my_py_pkg/share/my_py_pkg/hook/ament_prefix_path.ps1'
[0.372s] INFO:colcon.colcon_core.shell:Creating environment descriptor '/home/ommore5807/Workspaces/ros2_py_ws/install/my_py_pkg/share/my_py_pkg/hook/ament_prefix_path.dsv'
[0.373s] INFO:colcon.colcon_core.shell:Creating environment hook '/home/ommore5807/Workspaces/ros2_py_ws/install/my_py_pkg/share/my_py_pkg/hook/ament_prefix_path.sh'
[0.374s] INFO:colcon.colcon_core.shell:Skip shell extension 'powershell' for command environment: Not usable outside of PowerShell
[0.374s] DEBUG:colcon.colcon_core.shell:Skip shell extension 'dsv' for command environment
[0.390s] DEBUG:colcon.colcon_core.event_handler.log_command:Invoking command in '/home/ommore5807/Workspaces/ros2_py_ws/build/encoder': CMAKE_PREFIX_PATH=/opt/ros/humble /usr/bin/cmake --build /home/ommore5807/Workspaces/ros2_py_ws/build/encoder -- -j2 -l2
[0.792s] INFO:colcon.colcon_core.task.python.build:Building Python package in '/home/ommore5807/Workspaces/ros2_py_ws/src/my_py_pkg'
[0.795s] INFO:colcon.colcon_core.shell:Skip shell extension 'powershell' for command environment: Not usable outside of PowerShell
[0.796s] DEBUG:colcon.colcon_core.shell:Skip shell extension 'dsv' for command environment
[0.843s] DEBUG:colcon.colcon_core.event_handler.log_command:Invoked command in '/home/ommore5807/Workspaces/ros2_py_ws/build/encoder' returned '0': CMAKE_PREFIX_PATH=/opt/ros/humble /usr/bin/cmake --build /home/ommore5807/Workspaces/ros2_py_ws/build/encoder -- -j2 -l2
[0.860s] DEBUG:colcon.colcon_core.event_handler.log_command:Invoking command in '/home/ommore5807/Workspaces/ros2_py_ws/build/encoder': CMAKE_PREFIX_PATH=/opt/ros/humble /usr/bin/cmake --install /home/ommore5807/Workspaces/ros2_py_ws/build/encoder
[0.959s] Level 1:colcon.colcon_core.environment:create_environment_scripts_only(encoder)
[0.960s] DEBUG:colcon.colcon_core.event_handler.log_command:Invoked command in '/home/ommore5807/Workspaces/ros2_py_ws/build/encoder' returned '0': CMAKE_PREFIX_PATH=/opt/ros/humble /usr/bin/cmake --install /home/ommore5807/Workspaces/ros2_py_ws/build/encoder
[0.962s] Level 1:colcon.colcon_core.environment:checking '/home/ommore5807/Workspaces/ros2_py_ws/install/encoder' for CMake module files
[0.963s] Level 1:colcon.colcon_core.environment:checking '/home/ommore5807/Workspaces/ros2_py_ws/install/encoder' for CMake config files
[0.963s] Level 1:colcon.colcon_core.shell:create_environment_hook('encoder', 'cmake_prefix_path')
[0.964s] INFO:colcon.colcon_core.shell:Creating environment hook '/home/ommore5807/Workspaces/ros2_py_ws/install/encoder/share/encoder/hook/cmake_prefix_path.ps1'
[0.965s] INFO:colcon.colcon_core.shell:Creating environment descriptor '/home/ommore5807/Workspaces/ros2_py_ws/install/encoder/share/encoder/hook/cmake_prefix_path.dsv'
[0.966s] INFO:colcon.colcon_core.shell:Creating environment hook '/home/ommore5807/Workspaces/ros2_py_ws/install/encoder/share/encoder/hook/cmake_prefix_path.sh'
[0.967s] Level 1:colcon.colcon_core.environment:checking '/home/ommore5807/Workspaces/ros2_py_ws/install/encoder/lib'
[0.967s] Level 1:colcon.colcon_core.environment:checking '/home/ommore5807/Workspaces/ros2_py_ws/install/encoder/bin'
[0.968s] Level 1:colcon.colcon_core.environment:checking '/home/ommore5807/Workspaces/ros2_py_ws/install/encoder/lib/pkgconfig/encoder.pc'
[0.968s] Level 1:colcon.colcon_core.environment:checking '/home/ommore5807/Workspaces/ros2_py_ws/install/encoder/lib/python3.10/site-packages'
[0.968s] Level 1:colcon.colcon_core.environment:checking '/home/ommore5807/Workspaces/ros2_py_ws/install/encoder/bin'
[0.969s] INFO:colcon.colcon_core.shell:Creating package script '/home/ommore5807/Workspaces/ros2_py_ws/install/encoder/share/encoder/package.ps1'
[0.971s] INFO:colcon.colcon_core.shell:Creating package descriptor '/home/ommore5807/Workspaces/ros2_py_ws/install/encoder/share/encoder/package.dsv'
[0.971s] INFO:colcon.colcon_core.shell:Creating package script '/home/ommore5807/Workspaces/ros2_py_ws/install/encoder/share/encoder/package.sh'
[0.974s] INFO:colcon.colcon_core.shell:Creating package script '/home/ommore5807/Workspaces/ros2_py_ws/install/encoder/share/encoder/package.bash'
[0.974s] INFO:colcon.colcon_core.shell:Creating package script '/home/ommore5807/Workspaces/ros2_py_ws/install/encoder/share/encoder/package.zsh'
[0.975s] Level 1:colcon.colcon_core.environment:create_file_with_runtime_dependencies(/home/ommore5807/Workspaces/ros2_py_ws/install/encoder/share/colcon-core/packages/encoder)
[0.976s] Level 1:colcon.colcon_core.environment:create_environment_scripts_only(encoder)
[0.976s] Level 1:colcon.colcon_core.environment:checking '/home/ommore5807/Workspaces/ros2_py_ws/install/encoder' for CMake module files
[0.977s] Level 1:colcon.colcon_core.environment:checking '/home/ommore5807/Workspaces/ros2_py_ws/install/encoder' for CMake config files
[0.977s] Level 1:colcon.colcon_core.shell:create_environment_hook('encoder', 'cmake_prefix_path')
[0.977s] INFO:colcon.colcon_core.shell:Creating environment hook '/home/ommore5807/Workspaces/ros2_py_ws/install/encoder/share/encoder/hook/cmake_prefix_path.ps1'
[0.979s] INFO:colcon.colcon_core.shell:Creating environment descriptor '/home/ommore5807/Workspaces/ros2_py_ws/install/encoder/share/encoder/hook/cmake_prefix_path.dsv'
[0.979s] INFO:colcon.colcon_core.shell:Creating environment hook '/home/ommore5807/Workspaces/ros2_py_ws/install/encoder/share/encoder/hook/cmake_prefix_path.sh'
[0.980s] Level 1:colcon.colcon_core.environment:checking '/home/ommore5807/Workspaces/ros2_py_ws/install/encoder/lib'
[0.981s] Level 1:colcon.colcon_core.environment:checking '/home/ommore5807/Workspaces/ros2_py_ws/install/encoder/bin'
[0.981s] Level 1:colcon.colcon_core.environment:checking '/home/ommore5807/Workspaces/ros2_py_ws/install/encoder/lib/pkgconfig/encoder.pc'
[0.981s] Level 1:colcon.colcon_core.environment:checking '/home/ommore5807/Workspaces/ros2_py_ws/install/encoder/lib/python3.10/site-packages'
[0.981s] Level 1:colcon.colcon_core.environment:checking '/home/ommore5807/Workspaces/ros2_py_ws/install/encoder/bin'
[0.983s] INFO:colcon.colcon_core.shell:Creating package script '/home/ommore5807/Workspaces/ros2_py_ws/install/encoder/share/encoder/package.ps1'
[0.985s] INFO:colcon.colcon_core.shell:Creating package descriptor '/home/ommore5807/Workspaces/ros2_py_ws/install/encoder/share/encoder/package.dsv'
[0.986s] INFO:colcon.colcon_core.shell:Creating package script '/home/ommore5807/Workspaces/ros2_py_ws/install/encoder/share/encoder/package.sh'
[0.988s] INFO:colcon.colcon_core.shell:Creating package script '/home/ommore5807/Workspaces/ros2_py_ws/install/encoder/share/encoder/package.bash'
[0.989s] INFO:colcon.colcon_core.shell:Creating package script '/home/ommore5807/Workspaces/ros2_py_ws/install/encoder/share/encoder/package.zsh'
[0.991s] Level 1:colcon.colcon_core.environment:create_file_with_runtime_dependencies(/home/ommore5807/Workspaces/ros2_py_ws/install/encoder/share/colcon-core/packages/encoder)
[0.994s] INFO:colcon.colcon_ros.task.ament_cmake.build:Building ROS package in '/home/ommore5807/Workspaces/ros2_py_ws/src/udemy_ros2_pkg' with build type 'ament_cmake'
[0.995s] INFO:colcon.colcon_cmake.task.cmake.build:Building CMake package in '/home/ommore5807/Workspaces/ros2_py_ws/src/udemy_ros2_pkg'
[0.995s] INFO:colcon.colcon_core.shell:Skip shell extension 'powershell' for command environment: Not usable outside of PowerShell
[0.995s] DEBUG:colcon.colcon_core.shell:Skip shell extension 'dsv' for command environment
[1.027s] DEBUG:colcon.colcon_core.event_handler.log_command:Invoking command in '/home/ommore5807/Workspaces/ros2_py_ws/build/udemy_ros2_pkg': CMAKE_PREFIX_PATH=/opt/ros/humble /usr/bin/cmake --build /home/ommore5807/Workspaces/ros2_py_ws/build/udemy_ros2_pkg -- -j2 -l2
[1.498s] DEBUG:colcon.colcon_core.event_handler.log_command:Invoking command in '/home/ommore5807/Workspaces/ros2_py_ws/build/my_py_pkg': PYTHONPATH=/home/ommore5807/Workspaces/ros2_py_ws/build/my_py_pkg/prefix_override:/usr/lib/python3/dist-packages/colcon_core/task/python/colcon_distutils_commands:/home/ommore5807/Workspaces/ros2_py_ws/install/my_py_pkg/lib/python3.10/site-packages:${PYTHONPATH} /usr/bin/python3 -W ignore:setup.py install is deprecated -W ignore:easy_install command is deprecated setup.py develop --editable --build-directory /home/ommore5807/Workspaces/ros2_py_ws/build/my_py_pkg/build --no-deps symlink_data
[1.813s] DEBUG:colcon.colcon_core.event_handler.log_command:Invoked command in '/home/ommore5807/Workspaces/ros2_py_ws/build/udemy_ros2_pkg' returned '0': CMAKE_PREFIX_PATH=/opt/ros/humble /usr/bin/cmake --build /home/ommore5807/Workspaces/ros2_py_ws/build/udemy_ros2_pkg -- -j2 -l2
[1.823s] DEBUG:colcon.colcon_core.event_handler.log_command:Invoking command in '/home/ommore5807/Workspaces/ros2_py_ws/build/udemy_ros2_pkg': CMAKE_PREFIX_PATH=/opt/ros/humble /usr/bin/cmake --install /home/ommore5807/Workspaces/ros2_py_ws/build/udemy_ros2_pkg
[1.990s] Level 1:colcon.colcon_core.environment:create_environment_scripts_only(udemy_ros2_pkg)
[1.991s] Level 1:colcon.colcon_core.environment:checking '/home/ommore5807/Workspaces/ros2_py_ws/install/udemy_ros2_pkg' for CMake module files
[1.991s] Level 1:colcon.colcon_core.environment:checking '/home/ommore5807/Workspaces/ros2_py_ws/install/udemy_ros2_pkg' for CMake config files
[1.991s] Level 1:colcon.colcon_core.shell:create_environment_hook('udemy_ros2_pkg', 'cmake_prefix_path')
[1.993s] DEBUG:colcon.colcon_core.event_handler.log_command:Invoked command in '/home/ommore5807/Workspaces/ros2_py_ws/build/udemy_ros2_pkg' returned '0': CMAKE_PREFIX_PATH=/opt/ros/humble /usr/bin/cmake --install /home/ommore5807/Workspaces/ros2_py_ws/build/udemy_ros2_pkg
[1.993s] INFO:colcon.colcon_core.shell:Creating environment hook '/home/ommore5807/Workspaces/ros2_py_ws/install/udemy_ros2_pkg/share/udemy_ros2_pkg/hook/cmake_prefix_path.ps1'
[1.996s] INFO:colcon.colcon_core.shell:Creating environment descriptor '/home/ommore5807/Workspaces/ros2_py_ws/install/udemy_ros2_pkg/share/udemy_ros2_pkg/hook/cmake_prefix_path.dsv'
[1.996s] INFO:colcon.colcon_core.shell:Creating environment hook '/home/ommore5807/Workspaces/ros2_py_ws/install/udemy_ros2_pkg/share/udemy_ros2_pkg/hook/cmake_prefix_path.sh'
[2.000s] Level 1:colcon.colcon_core.environment:checking '/home/ommore5807/Workspaces/ros2_py_ws/install/udemy_ros2_pkg/lib'
[2.000s] Level 1:colcon.colcon_core.environment:checking '/home/ommore5807/Workspaces/ros2_py_ws/install/udemy_ros2_pkg/bin'
[2.000s] Level 1:colcon.colcon_core.environment:checking '/home/ommore5807/Workspaces/ros2_py_ws/install/udemy_ros2_pkg/lib/pkgconfig/udemy_ros2_pkg.pc'
[2.000s] Level 1:colcon.colcon_core.environment:checking '/home/ommore5807/Workspaces/ros2_py_ws/install/udemy_ros2_pkg/lib/python3.10/site-packages'
[2.000s] Level 1:colcon.colcon_core.environment:checking '/home/ommore5807/Workspaces/ros2_py_ws/install/udemy_ros2_pkg/bin'
[2.001s] INFO:colcon.colcon_core.shell:Creating package script '/home/ommore5807/Workspaces/ros2_py_ws/install/udemy_ros2_pkg/share/udemy_ros2_pkg/package.ps1'
[2.004s] INFO:colcon.colcon_core.shell:Creating package descriptor '/home/ommore5807/Workspaces/ros2_py_ws/install/udemy_ros2_pkg/share/udemy_ros2_pkg/package.dsv'
[2.005s] INFO:colcon.colcon_core.shell:Creating package script '/home/ommore5807/Workspaces/ros2_py_ws/install/udemy_ros2_pkg/share/udemy_ros2_pkg/package.sh'
[2.007s] INFO:colcon.colcon_core.shell:Creating package script '/home/ommore5807/Workspaces/ros2_py_ws/install/udemy_ros2_pkg/share/udemy_ros2_pkg/package.bash'
[2.010s] INFO:colcon.colcon_core.shell:Creating package script '/home/ommore5807/Workspaces/ros2_py_ws/install/udemy_ros2_pkg/share/udemy_ros2_pkg/package.zsh'
[2.011s] Level 1:colcon.colcon_core.environment:create_file_with_runtime_dependencies(/home/ommore5807/Workspaces/ros2_py_ws/install/udemy_ros2_pkg/share/colcon-core/packages/udemy_ros2_pkg)
[2.016s] Level 1:colcon.colcon_core.environment:create_environment_scripts_only(udemy_ros2_pkg)
[2.016s] Level 1:colcon.colcon_core.environment:checking '/home/ommore5807/Workspaces/ros2_py_ws/install/udemy_ros2_pkg' for CMake module files
[2.016s] Level 1:colcon.colcon_core.environment:checking '/home/ommore5807/Workspaces/ros2_py_ws/install/udemy_ros2_pkg' for CMake config files
[2.016s] Level 1:colcon.colcon_core.shell:create_environment_hook('udemy_ros2_pkg', 'cmake_prefix_path')
[2.019s] INFO:colcon.colcon_core.shell:Creating environment hook '/home/ommore5807/Workspaces/ros2_py_ws/install/udemy_ros2_pkg/share/udemy_ros2_pkg/hook/cmake_prefix_path.ps1'
[2.020s] INFO:colcon.colcon_core.shell:Creating environment descriptor '/home/ommore5807/Workspaces/ros2_py_ws/install/udemy_ros2_pkg/share/udemy_ros2_pkg/hook/cmake_prefix_path.dsv'
[2.025s] INFO:colcon.colcon_core.shell:Creating environment hook '/home/ommore5807/Workspaces/ros2_py_ws/install/udemy_ros2_pkg/share/udemy_ros2_pkg/hook/cmake_prefix_path.sh'
[2.026s] Level 1:colcon.colcon_core.environment:checking '/home/ommore5807/Workspaces/ros2_py_ws/install/udemy_ros2_pkg/lib'
[2.026s] Level 1:colcon.colcon_core.environment:checking '/home/ommore5807/Workspaces/ros2_py_ws/install/udemy_ros2_pkg/bin'
[2.026s] Level 1:colcon.colcon_core.environment:checking '/home/ommore5807/Workspaces/ros2_py_ws/install/udemy_ros2_pkg/lib/pkgconfig/udemy_ros2_pkg.pc'
[2.026s] Level 1:colcon.colcon_core.environment:checking '/home/ommore5807/Workspaces/ros2_py_ws/install/udemy_ros2_pkg/lib/python3.10/site-packages'
[2.026s] Level 1:colcon.colcon_core.environment:checking '/home/ommore5807/Workspaces/ros2_py_ws/install/udemy_ros2_pkg/bin'
[2.027s] INFO:colcon.colcon_core.shell:Creating package script '/home/ommore5807/Workspaces/ros2_py_ws/install/udemy_ros2_pkg/share/udemy_ros2_pkg/package.ps1'
[2.028s] INFO:colcon.colcon_core.shell:Creating package descriptor '/home/ommore5807/Workspaces/ros2_py_ws/install/udemy_ros2_pkg/share/udemy_ros2_pkg/package.dsv'
[2.030s] INFO:colcon.colcon_core.shell:Creating package script '/home/ommore5807/Workspaces/ros2_py_ws/install/udemy_ros2_pkg/share/udemy_ros2_pkg/package.sh'
[2.034s] INFO:colcon.colcon_core.shell:Creating package script '/home/ommore5807/Workspaces/ros2_py_ws/install/udemy_ros2_pkg/share/udemy_ros2_pkg/package.bash'
[2.035s] INFO:colcon.colcon_core.shell:Creating package script '/home/ommore5807/Workspaces/ros2_py_ws/install/udemy_ros2_pkg/share/udemy_ros2_pkg/package.zsh'
[2.037s] Level 1:colcon.colcon_core.environment:create_file_with_runtime_dependencies(/home/ommore5807/Workspaces/ros2_py_ws/install/udemy_ros2_pkg/share/colcon-core/packages/udemy_ros2_pkg)
[2.257s] Level 1:colcon.colcon_core.shell:create_environment_hook('my_py_pkg', 'pythonpath_develop')
[2.258s] INFO:colcon.colcon_core.shell:Creating environment hook '/home/ommore5807/Workspaces/ros2_py_ws/build/my_py_pkg/share/my_py_pkg/hook/pythonpath_develop.ps1'
[2.258s] INFO:colcon.colcon_core.shell:Creating environment descriptor '/home/ommore5807/Workspaces/ros2_py_ws/build/my_py_pkg/share/my_py_pkg/hook/pythonpath_develop.dsv'
[2.259s] DEBUG:colcon.colcon_core.event_handler.log_command:Invoked command in '/home/ommore5807/Workspaces/ros2_py_ws/build/my_py_pkg' returned '0': PYTHONPATH=/home/ommore5807/Workspaces/ros2_py_ws/build/my_py_pkg/prefix_override:/usr/lib/python3/dist-packages/colcon_core/task/python/colcon_distutils_commands:/home/ommore5807/Workspaces/ros2_py_ws/install/my_py_pkg/lib/python3.10/site-packages:${PYTHONPATH} /usr/bin/python3 -W ignore:setup.py install is deprecated -W ignore:easy_install command is deprecated setup.py develop --editable --build-directory /home/ommore5807/Workspaces/ros2_py_ws/build/my_py_pkg/build --no-deps symlink_data
[2.260s] INFO:colcon.colcon_core.shell:Creating environment hook '/home/ommore5807/Workspaces/ros2_py_ws/build/my_py_pkg/share/my_py_pkg/hook/pythonpath_develop.sh'
[2.262s] Level 1:colcon.colcon_core.environment:checking '/home/ommore5807/Workspaces/ros2_py_ws/install/my_py_pkg' for CMake module files
[2.262s] Level 1:colcon.colcon_core.environment:checking '/home/ommore5807/Workspaces/ros2_py_ws/install/my_py_pkg' for CMake config files
[2.262s] Level 1:colcon.colcon_core.environment:checking '/home/ommore5807/Workspaces/ros2_py_ws/install/my_py_pkg/lib'
[2.264s] Level 1:colcon.colcon_core.environment:checking '/home/ommore5807/Workspaces/ros2_py_ws/install/my_py_pkg/bin'
[2.264s] Level 1:colcon.colcon_core.environment:checking '/home/ommore5807/Workspaces/ros2_py_ws/install/my_py_pkg/lib/pkgconfig/my_py_pkg.pc'
[2.264s] Level 1:colcon.colcon_core.environment:checking '/home/ommore5807/Workspaces/ros2_py_ws/install/my_py_pkg/lib/python3.10/site-packages'
[2.265s] Level 1:colcon.colcon_core.shell:create_environment_hook('my_py_pkg', 'pythonpath')
[2.265s] INFO:colcon.colcon_core.shell:Creating environment hook '/home/ommore5807/Workspaces/ros2_py_ws/install/my_py_pkg/share/my_py_pkg/hook/pythonpath.ps1'
[2.268s] INFO:colcon.colcon_core.shell:Creating environment descriptor '/home/ommore5807/Workspaces/ros2_py_ws/install/my_py_pkg/share/my_py_pkg/hook/pythonpath.dsv'
[2.269s] INFO:colcon.colcon_core.shell:Creating environment hook '/home/ommore5807/Workspaces/ros2_py_ws/install/my_py_pkg/share/my_py_pkg/hook/pythonpath.sh'
[2.269s] Level 1:colcon.colcon_core.environment:checking '/home/ommore5807/Workspaces/ros2_py_ws/install/my_py_pkg/bin'
[2.270s] Level 1:colcon.colcon_core.environment:create_environment_scripts_only(my_py_pkg)
[2.270s] INFO:colcon.colcon_core.shell:Creating package script '/home/ommore5807/Workspaces/ros2_py_ws/install/my_py_pkg/share/my_py_pkg/package.ps1'
[2.271s] INFO:colcon.colcon_core.shell:Creating package descriptor '/home/ommore5807/Workspaces/ros2_py_ws/install/my_py_pkg/share/my_py_pkg/package.dsv'
[2.272s] INFO:colcon.colcon_core.shell:Creating package script '/home/ommore5807/Workspaces/ros2_py_ws/install/my_py_pkg/share/my_py_pkg/package.sh'
[2.272s] INFO:colcon.colcon_core.shell:Creating package script '/home/ommore5807/Workspaces/ros2_py_ws/install/my_py_pkg/share/my_py_pkg/package.bash'
[2.273s] INFO:colcon.colcon_core.shell:Creating package script '/home/ommore5807/Workspaces/ros2_py_ws/install/my_py_pkg/share/my_py_pkg/package.zsh'
[2.273s] Level 1:colcon.colcon_core.environment:create_file_with_runtime_dependencies(/home/ommore5807/Workspaces/ros2_py_ws/install/my_py_pkg/share/colcon-core/packages/my_py_pkg)
[2.276s] DEBUG:colcon.colcon_parallel_executor.executor.parallel:closing loop
[2.277s] DEBUG:colcon.colcon_parallel_executor.executor.parallel:loop closed
[2.277s] DEBUG:colcon.colcon_parallel_executor.executor.parallel:run_until_complete finished with '0'
[2.277s] DEBUG:colcon.colcon_core.event_reactor:joining thread
[2.286s] INFO:colcon.colcon_core.plugin_system:Skipping extension 'colcon_notification.desktop_notification.terminal_notifier': Not used on non-Darwin systems
[2.286s] INFO:colcon.colcon_core.plugin_system:Skipping extension 'colcon_notification.desktop_notification.win32': Not used on non-Windows systems
[2.286s] INFO:colcon.colcon_notification.desktop_notification:Sending desktop notification using 'notify2'
[2.313s] DEBUG:colcon.colcon_core.event_reactor:joined thread
[2.314s] INFO:colcon.colcon_core.shell:Creating prefix script '/home/ommore5807/Workspaces/ros2_py_ws/install/local_setup.ps1'
[2.317s] INFO:colcon.colcon_core.shell:Creating prefix util module '/home/ommore5807/Workspaces/ros2_py_ws/install/_local_setup_util_ps1.py'
[2.320s] INFO:colcon.colcon_core.shell:Creating prefix chain script '/home/ommore5807/Workspaces/ros2_py_ws/install/setup.ps1'
[2.322s] INFO:colcon.colcon_core.shell:Creating prefix script '/home/ommore5807/Workspaces/ros2_py_ws/install/local_setup.sh'
[2.322s] INFO:colcon.colcon_core.shell:Creating prefix util module '/home/ommore5807/Workspaces/ros2_py_ws/install/_local_setup_util_sh.py'
[2.326s] INFO:colcon.colcon_core.shell:Creating prefix chain script '/home/ommore5807/Workspaces/ros2_py_ws/install/setup.sh'
[2.328s] INFO:colcon.colcon_core.shell:Creating prefix script '/home/ommore5807/Workspaces/ros2_py_ws/install/local_setup.bash'
[2.335s] INFO:colcon.colcon_core.shell:Creating prefix chain script '/home/ommore5807/Workspaces/ros2_py_ws/install/setup.bash'
[2.337s] INFO:colcon.colcon_core.shell:Creating prefix script '/home/ommore5807/Workspaces/ros2_py_ws/install/local_setup.zsh'
[2.339s] INFO:colcon.colcon_core.shell:Creating prefix chain script '/home/ommore5807/Workspaces/ros2_py_ws/install/setup.zsh'
