[0.652s] Invoking command in '/home/ommore5807/Workspaces/ros2_py_ws/build/my_py_pkg': PYTHONPATH=/home/ommore5807/Workspaces/ros2_py_ws/build/my_py_pkg/prefix_override:/usr/lib/python3/dist-packages/colcon_core/task/python/colcon_distutils_commands:/home/ommore5807/Workspaces/ros2_py_ws/install/my_py_pkg/lib/python3.10/site-packages:${PYTHONPATH} /usr/bin/python3 -W ignore:setup.py install is deprecated -W ignore:easy_install command is deprecated setup.py develop --editable --build-directory /home/ommore5807/Workspaces/ros2_py_ws/build/my_py_pkg/build --no-deps symlink_data
[0.955s] running develop
[1.227s] running egg_info
[1.228s] creating my_py_pkg.egg-info
[1.228s] writing my_py_pkg.egg-info/PKG-INFO
[1.228s] writing dependency_links to my_py_pkg.egg-info/dependency_links.txt
[1.228s] writing entry points to my_py_pkg.egg-info/entry_points.txt
[1.228s] writing requirements to my_py_pkg.egg-info/requires.txt
[1.228s] writing top-level names to my_py_pkg.egg-info/top_level.txt
[1.228s] writing manifest file 'my_py_pkg.egg-info/SOURCES.txt'
[1.230s] reading manifest file 'my_py_pkg.egg-info/SOURCES.txt'
[1.231s] writing manifest file 'my_py_pkg.egg-info/SOURCES.txt'
[1.236s] running build_ext
[1.239s] Creating /home/ommore5807/Workspaces/ros2_py_ws/install/my_py_pkg/lib/python3.10/site-packages/my-py-pkg.egg-link (link to .)
[1.239s] Installing my_publisher script to /home/ommore5807/Workspaces/ros2_py_ws/install/my_py_pkg/lib/my_py_pkg
[1.240s] Installing my_subscriber script to /home/ommore5807/Workspaces/ros2_py_ws/install/my_py_pkg/lib/my_py_pkg
[1.240s] 
[1.240s] Installed /home/ommore5807/Workspaces/ros2_py_ws/build/my_py_pkg
[1.240s] running symlink_data
[1.241s] creating /home/ommore5807/Workspaces/ros2_py_ws/install/my_py_pkg/share/ament_index
[1.241s] creating /home/ommore5807/Workspaces/ros2_py_ws/install/my_py_pkg/share/ament_index/resource_index
[1.241s] creating /home/ommore5807/Workspaces/ros2_py_ws/install/my_py_pkg/share/ament_index/resource_index/packages
[1.241s] symbolically linking /home/ommore5807/Workspaces/ros2_py_ws/build/my_py_pkg/resource/my_py_pkg -> /home/ommore5807/Workspaces/ros2_py_ws/install/my_py_pkg/share/ament_index/resource_index/packages
[1.241s] symbolically linking /home/ommore5807/Workspaces/ros2_py_ws/build/my_py_pkg/package.xml -> /home/ommore5807/Workspaces/ros2_py_ws/install/my_py_pkg/share/my_py_pkg
[1.384s] Invoked command in '/home/ommore5807/Workspaces/ros2_py_ws/build/my_py_pkg' returned '0': PYTHONPATH=/home/ommore5807/Workspaces/ros2_py_ws/build/my_py_pkg/prefix_override:/usr/lib/python3/dist-packages/colcon_core/task/python/colcon_distutils_commands:/home/ommore5807/Workspaces/ros2_py_ws/install/my_py_pkg/lib/python3.10/site-packages:${PYTHONPATH} /usr/bin/python3 -W ignore:setup.py install is deprecated -W ignore:easy_install command is deprecated setup.py develop --editable --build-directory /home/ommore5807/Workspaces/ros2_py_ws/build/my_py_pkg/build --no-deps symlink_data
