[0.017s] Invoking command in '/home/ommore5807/Workspaces/ros2_py_ws/build/udemy_ros2_pkg': CMAKE_PREFIX_PATH=/opt/ros/humble /usr/bin/cmake --build /home/ommore5807/Workspaces/ros2_py_ws/build/udemy_ros2_pkg -- -j2 -l2
[0.140s] Built target ament_cmake_python_symlink_scripts
[0.472s] running egg_info
[0.472s] writing scripts.egg-info/PKG-INFO
[0.473s] writing dependency_links to scripts.egg-info/dependency_links.txt
[0.473s] writing top-level names to scripts.egg-info/top_level.txt
[0.473s] reading manifest file 'scripts.egg-info/SOURCES.txt'
[0.473s] writing manifest file 'scripts.egg-info/SOURCES.txt'
[0.532s] Built target ament_cmake_python_build_scripts_egg
[0.554s] Invoked command in '/home/ommore5807/Workspaces/ros2_py_ws/build/udemy_ros2_pkg' returned '0': CMAKE_PREFIX_PATH=/opt/ros/humble /usr/bin/cmake --build /home/ommore5807/Workspaces/ros2_py_ws/build/udemy_ros2_pkg -- -j2 -l2
[0.590s] Invoking command in '/home/ommore5807/Workspaces/ros2_py_ws/build/udemy_ros2_pkg': CMAKE_PREFIX_PATH=/opt/ros/humble /usr/bin/cmake --install /home/ommore5807/Workspaces/ros2_py_ws/build/udemy_ros2_pkg
[0.597s] -- Install configuration: ""
[0.600s] -- Execute custom install script
[0.600s] -- Up-to-date symlink: /home/ommore5807/Workspaces/ros2_py_ws/install/udemy_ros2_pkg/share/udemy_ros2_pkg/environment/pythonpath.sh
[0.601s] -- Up-to-date symlink: /home/ommore5807/Workspaces/ros2_py_ws/install/udemy_ros2_pkg/share/udemy_ros2_pkg/environment/pythonpath.dsv
[0.601s] -- Up-to-date symlink: /home/ommore5807/Workspaces/ros2_py_ws/install/udemy_ros2_pkg/local/lib/python3.10/dist-packages/scripts-0.0.0-py3.10.egg-info/PKG-INFO
[0.602s] -- Up-to-date symlink: /home/ommore5807/Workspaces/ros2_py_ws/install/udemy_ros2_pkg/local/lib/python3.10/dist-packages/scripts-0.0.0-py3.10.egg-info/SOURCES.txt
[0.602s] -- Up-to-date symlink: /home/ommore5807/Workspaces/ros2_py_ws/install/udemy_ros2_pkg/local/lib/python3.10/dist-packages/scripts-0.0.0-py3.10.egg-info/dependency_links.txt
[0.602s] -- Up-to-date symlink: /home/ommore5807/Workspaces/ros2_py_ws/install/udemy_ros2_pkg/local/lib/python3.10/dist-packages/scripts-0.0.0-py3.10.egg-info/top_level.txt
[0.602s] -- Up-to-date symlink: /home/ommore5807/Workspaces/ros2_py_ws/install/udemy_ros2_pkg/local/lib/python3.10/dist-packages/scripts/__init__.py
[0.603s] -- Up-to-date symlink: /home/ommore5807/Workspaces/ros2_py_ws/install/udemy_ros2_pkg/local/lib/python3.10/dist-packages/scripts/publisher.py
[0.603s] -- Up-to-date symlink: /home/ommore5807/Workspaces/ros2_py_ws/install/udemy_ros2_pkg/local/lib/python3.10/dist-packages/scripts/subscriber.py
[0.605s] -- Up-to-date symlink: /home/ommore5807/Workspaces/ros2_py_ws/install/udemy_ros2_pkg/lib/udemy_ros2_pkg/publisher.py
[0.606s] -- Up-to-date symlink: /home/ommore5807/Workspaces/ros2_py_ws/install/udemy_ros2_pkg/lib/udemy_ros2_pkg/subscriber.py
[0.608s] -- Up-to-date symlink: /home/ommore5807/Workspaces/ros2_py_ws/install/udemy_ros2_pkg/share/ament_index/resource_index/package_run_dependencies/udemy_ros2_pkg
[0.609s] -- Up-to-date symlink: /home/ommore5807/Workspaces/ros2_py_ws/install/udemy_ros2_pkg/share/ament_index/resource_index/parent_prefix_path/udemy_ros2_pkg
[0.609s] -- Up-to-date symlink: /home/ommore5807/Workspaces/ros2_py_ws/install/udemy_ros2_pkg/share/udemy_ros2_pkg/environment/ament_prefix_path.sh
[0.609s] -- Up-to-date symlink: /home/ommore5807/Workspaces/ros2_py_ws/install/udemy_ros2_pkg/share/udemy_ros2_pkg/environment/ament_prefix_path.dsv
[0.609s] -- Up-to-date symlink: /home/ommore5807/Workspaces/ros2_py_ws/install/udemy_ros2_pkg/share/udemy_ros2_pkg/environment/path.sh
[0.609s] -- Up-to-date symlink: /home/ommore5807/Workspaces/ros2_py_ws/install/udemy_ros2_pkg/share/udemy_ros2_pkg/environment/path.dsv
[0.609s] -- Up-to-date symlink: /home/ommore5807/Workspaces/ros2_py_ws/install/udemy_ros2_pkg/share/udemy_ros2_pkg/local_setup.bash
[0.609s] -- Up-to-date symlink: /home/ommore5807/Workspaces/ros2_py_ws/install/udemy_ros2_pkg/share/udemy_ros2_pkg/local_setup.sh
[0.609s] -- Up-to-date symlink: /home/ommore5807/Workspaces/ros2_py_ws/install/udemy_ros2_pkg/share/udemy_ros2_pkg/local_setup.zsh
[0.609s] -- Up-to-date symlink: /home/ommore5807/Workspaces/ros2_py_ws/install/udemy_ros2_pkg/share/udemy_ros2_pkg/local_setup.dsv
[0.609s] -- Symlinking: /home/ommore5807/Workspaces/ros2_py_ws/install/udemy_ros2_pkg/share/udemy_ros2_pkg/package.dsv
[0.630s] -- Up-to-date symlink: /home/ommore5807/Workspaces/ros2_py_ws/install/udemy_ros2_pkg/share/ament_index/resource_index/packages/udemy_ros2_pkg
[0.630s] -- Up-to-date symlink: /home/ommore5807/Workspaces/ros2_py_ws/install/udemy_ros2_pkg/share/udemy_ros2_pkg/cmake/udemy_ros2_pkgConfig.cmake
[0.631s] -- Up-to-date symlink: /home/ommore5807/Workspaces/ros2_py_ws/install/udemy_ros2_pkg/share/udemy_ros2_pkg/cmake/udemy_ros2_pkgConfig-version.cmake
[0.631s] -- Up-to-date symlink: /home/ommore5807/Workspaces/ros2_py_ws/install/udemy_ros2_pkg/share/udemy_ros2_pkg/package.xml
[0.677s] Listing '/home/ommore5807/Workspaces/ros2_py_ws/install/udemy_ros2_pkg/local/lib/python3.10/dist-packages/scripts'...
[0.683s] Invoked command in '/home/ommore5807/Workspaces/ros2_py_ws/build/udemy_ros2_pkg' returned '0': CMAKE_PREFIX_PATH=/opt/ros/humble /usr/bin/cmake --install /home/ommore5807/Workspaces/ros2_py_ws/build/udemy_ros2_pkg
