[0.336s] Invoking command in '/home/ommore5807/Workspaces/ros2_py_ws/build/udemy_ros2_pkg': CMAKE_PREFIX_PATH=/opt/ros/humble /usr/bin/cmake --build /home/ommore5807/Workspaces/ros2_py_ws/build/udemy_ros2_pkg -- -j2 -l2
[0.586s] Built target ament_cmake_python_symlink_scripts
[0.919s] running egg_info
[0.919s] writing scripts.egg-info/PKG-INFO
[0.920s] writing dependency_links to scripts.egg-info/dependency_links.txt
[0.922s] writing top-level names to scripts.egg-info/top_level.txt
[0.932s] reading manifest file 'scripts.egg-info/SOURCES.txt'
[0.932s] writing manifest file 'scripts.egg-info/SOURCES.txt'
[0.999s] Built target ament_cmake_python_build_scripts_egg
[1.035s] Invoked command in '/home/ommore5807/Workspaces/ros2_py_ws/build/udemy_ros2_pkg' returned '0': CMAKE_PREFIX_PATH=/opt/ros/humble /usr/bin/cmake --build /home/ommore5807/Workspaces/ros2_py_ws/build/udemy_ros2_pkg -- -j2 -l2
[1.059s] Invoking command in '/home/ommore5807/Workspaces/ros2_py_ws/build/udemy_ros2_pkg': CMAKE_PREFIX_PATH=/opt/ros/humble /usr/bin/cmake --install /home/ommore5807/Workspaces/ros2_py_ws/build/udemy_ros2_pkg
[1.088s] -- Install configuration: ""
[1.091s] -- Execute custom install script
[1.091s] -- Up-to-date symlink: /home/ommore5807/Workspaces/ros2_py_ws/install/udemy_ros2_pkg/share/udemy_ros2_pkg/environment/pythonpath.sh
[1.092s] -- Up-to-date symlink: /home/ommore5807/Workspaces/ros2_py_ws/install/udemy_ros2_pkg/share/udemy_ros2_pkg/environment/pythonpath.dsv
[1.097s] -- Up-to-date symlink: /home/ommore5807/Workspaces/ros2_py_ws/install/udemy_ros2_pkg/local/lib/python3.10/dist-packages/scripts-0.0.0-py3.10.egg-info/PKG-INFO
[1.099s] -- Up-to-date symlink: /home/ommore5807/Workspaces/ros2_py_ws/install/udemy_ros2_pkg/local/lib/python3.10/dist-packages/scripts-0.0.0-py3.10.egg-info/SOURCES.txt
[1.099s] -- Up-to-date symlink: /home/ommore5807/Workspaces/ros2_py_ws/install/udemy_ros2_pkg/local/lib/python3.10/dist-packages/scripts-0.0.0-py3.10.egg-info/dependency_links.txt
[1.100s] -- Up-to-date symlink: /home/ommore5807/Workspaces/ros2_py_ws/install/udemy_ros2_pkg/local/lib/python3.10/dist-packages/scripts-0.0.0-py3.10.egg-info/top_level.txt
[1.100s] -- Up-to-date symlink: /home/ommore5807/Workspaces/ros2_py_ws/install/udemy_ros2_pkg/local/lib/python3.10/dist-packages/scripts/__init__.py
[1.100s] -- Up-to-date symlink: /home/ommore5807/Workspaces/ros2_py_ws/install/udemy_ros2_pkg/local/lib/python3.10/dist-packages/scripts/publisher.py
[1.100s] -- Up-to-date symlink: /home/ommore5807/Workspaces/ros2_py_ws/install/udemy_ros2_pkg/local/lib/python3.10/dist-packages/scripts/subscriber.py
[1.100s] -- Up-to-date symlink: /home/ommore5807/Workspaces/ros2_py_ws/install/udemy_ros2_pkg/lib/udemy_ros2_pkg/publisher.py
[1.100s] -- Up-to-date symlink: /home/ommore5807/Workspaces/ros2_py_ws/install/udemy_ros2_pkg/lib/udemy_ros2_pkg/subscriber.py
[1.100s] -- Up-to-date symlink: /home/ommore5807/Workspaces/ros2_py_ws/install/udemy_ros2_pkg/share/ament_index/resource_index/package_run_dependencies/udemy_ros2_pkg
[1.100s] -- Up-to-date symlink: /home/ommore5807/Workspaces/ros2_py_ws/install/udemy_ros2_pkg/share/ament_index/resource_index/parent_prefix_path/udemy_ros2_pkg
[1.100s] -- Up-to-date symlink: /home/ommore5807/Workspaces/ros2_py_ws/install/udemy_ros2_pkg/share/udemy_ros2_pkg/environment/ament_prefix_path.sh
[1.102s] -- Up-to-date symlink: /home/ommore5807/Workspaces/ros2_py_ws/install/udemy_ros2_pkg/share/udemy_ros2_pkg/environment/ament_prefix_path.dsv
[1.102s] -- Up-to-date symlink: /home/ommore5807/Workspaces/ros2_py_ws/install/udemy_ros2_pkg/share/udemy_ros2_pkg/environment/path.sh
[1.102s] -- Up-to-date symlink: /home/ommore5807/Workspaces/ros2_py_ws/install/udemy_ros2_pkg/share/udemy_ros2_pkg/environment/path.dsv
[1.102s] -- Up-to-date symlink: /home/ommore5807/Workspaces/ros2_py_ws/install/udemy_ros2_pkg/share/udemy_ros2_pkg/local_setup.bash
[1.102s] -- Up-to-date symlink: /home/ommore5807/Workspaces/ros2_py_ws/install/udemy_ros2_pkg/share/udemy_ros2_pkg/local_setup.sh
[1.103s] -- Up-to-date symlink: /home/ommore5807/Workspaces/ros2_py_ws/install/udemy_ros2_pkg/share/udemy_ros2_pkg/local_setup.zsh
[1.103s] -- Up-to-date symlink: /home/ommore5807/Workspaces/ros2_py_ws/install/udemy_ros2_pkg/share/udemy_ros2_pkg/local_setup.dsv
[1.103s] -- Symlinking: /home/ommore5807/Workspaces/ros2_py_ws/install/udemy_ros2_pkg/share/udemy_ros2_pkg/package.dsv
[1.144s] -- Up-to-date symlink: /home/ommore5807/Workspaces/ros2_py_ws/install/udemy_ros2_pkg/share/ament_index/resource_index/packages/udemy_ros2_pkg
[1.146s] -- Up-to-date symlink: /home/ommore5807/Workspaces/ros2_py_ws/install/udemy_ros2_pkg/share/udemy_ros2_pkg/cmake/udemy_ros2_pkgConfig.cmake
[1.146s] -- Up-to-date symlink: /home/ommore5807/Workspaces/ros2_py_ws/install/udemy_ros2_pkg/share/udemy_ros2_pkg/cmake/udemy_ros2_pkgConfig-version.cmake
[1.147s] -- Up-to-date symlink: /home/ommore5807/Workspaces/ros2_py_ws/install/udemy_ros2_pkg/share/udemy_ros2_pkg/package.xml
[1.196s] Listing '/home/ommore5807/Workspaces/ros2_py_ws/install/udemy_ros2_pkg/local/lib/python3.10/dist-packages/scripts'...
[1.227s] Invoked command in '/home/ommore5807/Workspaces/ros2_py_ws/build/udemy_ros2_pkg' returned '0': CMAKE_PREFIX_PATH=/opt/ros/humble /usr/bin/cmake --install /home/ommore5807/Workspaces/ros2_py_ws/build/udemy_ros2_pkg
