[0.013s] Invoking command in '/home/ommore5807/Workspaces/ros2_py_ws/build/encoder': CMAKE_PREFIX_PATH=${CMAKE_PREFIX_PATH}:/home/ommore5807/Workspaces/ros2_py_ws/install/my_py_pkg:/opt/ros/humble /usr/bin/cmake /home/ommore5807/Workspaces/ros2_py_ws/src/encoder -DCMAKE_INSTALL_PREFIX=/home/ommore5807/Workspaces/ros2_py_ws/install/encoder
[0.027s] -- Found ament_cmake: 1.3.12 (/opt/ros/humble/share/ament_cmake/cmake)
[0.178s] -- Override CMake install command with custom implementation using symlinks instead of copying resources
[0.185s] -- Found rclpy: 3.3.17 (/opt/ros/humble/share/rclpy/cmake)
[0.236s] -- Found ament_lint_auto: 0.12.14 (/opt/ros/humble/share/ament_lint_auto/cmake)
[0.293s] -- Added test 'flake8' to check Python code syntax and style conventions
[0.294s] -- Added test 'lint_cmake' to check CMake code style
[0.294s] -- Added test 'pep257' to check Python code against some of the docstring style conventions in PEP 257
[0.295s] -- Added test 'xmllint' to check XML markup files
[0.295s] -- Configuring done
[0.301s] -- Generating done
[0.304s] -- Build files have been written to: /home/ommore5807/Workspaces/ros2_py_ws/build/encoder
[0.311s] Invoked command in '/home/ommore5807/Workspaces/ros2_py_ws/build/encoder' returned '0': CMAKE_PREFIX_PATH=${CMAKE_PREFIX_PATH}:/home/ommore5807/Workspaces/ros2_py_ws/install/my_py_pkg:/opt/ros/humble /usr/bin/cmake /home/ommore5807/Workspaces/ros2_py_ws/src/encoder -DCMAKE_INSTALL_PREFIX=/home/ommore5807/Workspaces/ros2_py_ws/install/encoder
[0.312s] Invoking command in '/home/ommore5807/Workspaces/ros2_py_ws/build/encoder': CMAKE_PREFIX_PATH=${CMAKE_PREFIX_PATH}:/home/ommore5807/Workspaces/ros2_py_ws/install/my_py_pkg:/opt/ros/humble /usr/bin/cmake --build /home/ommore5807/Workspaces/ros2_py_ws/build/encoder -- -j2 -l2
[0.385s] Built target ament_cmake_python_symlink_scripts
[0.593s] running egg_info
[0.593s] writing scripts.egg-info/PKG-INFO
[0.595s] writing dependency_links to scripts.egg-info/dependency_links.txt
[0.595s] writing top-level names to scripts.egg-info/top_level.txt
[0.596s] reading manifest file 'scripts.egg-info/SOURCES.txt'
[0.597s] writing manifest file 'scripts.egg-info/SOURCES.txt'
[0.641s] Built target ament_cmake_python_build_scripts_egg
[0.657s] Invoked command in '/home/ommore5807/Workspaces/ros2_py_ws/build/encoder' returned '0': CMAKE_PREFIX_PATH=${CMAKE_PREFIX_PATH}:/home/ommore5807/Workspaces/ros2_py_ws/install/my_py_pkg:/opt/ros/humble /usr/bin/cmake --build /home/ommore5807/Workspaces/ros2_py_ws/build/encoder -- -j2 -l2
[0.671s] Invoking command in '/home/ommore5807/Workspaces/ros2_py_ws/build/encoder': CMAKE_PREFIX_PATH=${CMAKE_PREFIX_PATH}:/home/ommore5807/Workspaces/ros2_py_ws/install/my_py_pkg:/opt/ros/humble /usr/bin/cmake --install /home/ommore5807/Workspaces/ros2_py_ws/build/encoder
[0.683s] -- Install configuration: ""
[0.683s] -- Execute custom install script
[0.684s] -- Up-to-date symlink: /home/ommore5807/Workspaces/ros2_py_ws/install/encoder/share/encoder/environment/pythonpath.sh
[0.684s] -- Up-to-date symlink: /home/ommore5807/Workspaces/ros2_py_ws/install/encoder/share/encoder/environment/pythonpath.dsv
[0.684s] -- Up-to-date symlink: /home/ommore5807/Workspaces/ros2_py_ws/install/encoder/local/lib/python3.10/dist-packages/scripts-0.0.0-py3.10.egg-info/PKG-INFO
[0.684s] -- Up-to-date symlink: /home/ommore5807/Workspaces/ros2_py_ws/install/encoder/local/lib/python3.10/dist-packages/scripts-0.0.0-py3.10.egg-info/SOURCES.txt
[0.685s] -- Up-to-date symlink: /home/ommore5807/Workspaces/ros2_py_ws/install/encoder/local/lib/python3.10/dist-packages/scripts-0.0.0-py3.10.egg-info/dependency_links.txt
[0.685s] -- Up-to-date symlink: /home/ommore5807/Workspaces/ros2_py_ws/install/encoder/local/lib/python3.10/dist-packages/scripts-0.0.0-py3.10.egg-info/top_level.txt
[0.685s] -- Up-to-date symlink: /home/ommore5807/Workspaces/ros2_py_ws/install/encoder/local/lib/python3.10/dist-packages/scripts/__init__.py
[0.685s] -- Up-to-date symlink: /home/ommore5807/Workspaces/ros2_py_ws/install/encoder/local/lib/python3.10/dist-packages/scripts/publisher3.py
[0.686s] -- Up-to-date symlink: /home/ommore5807/Workspaces/ros2_py_ws/install/encoder/local/lib/python3.10/dist-packages/scripts/subscriber3.py
[0.686s] -- Up-to-date symlink: /home/ommore5807/Workspaces/ros2_py_ws/install/encoder/lib/encoder/publisher3.py
[0.686s] -- Up-to-date symlink: /home/ommore5807/Workspaces/ros2_py_ws/install/encoder/lib/encoder/subscriber3.py
[0.686s] -- Up-to-date symlink: /home/ommore5807/Workspaces/ros2_py_ws/install/encoder/share/ament_index/resource_index/package_run_dependencies/encoder
[0.686s] -- Up-to-date symlink: /home/ommore5807/Workspaces/ros2_py_ws/install/encoder/share/ament_index/resource_index/parent_prefix_path/encoder
[0.686s] -- Up-to-date symlink: /home/ommore5807/Workspaces/ros2_py_ws/install/encoder/share/encoder/environment/ament_prefix_path.sh
[0.687s] -- Up-to-date symlink: /home/ommore5807/Workspaces/ros2_py_ws/install/encoder/share/encoder/environment/ament_prefix_path.dsv
[0.687s] -- Up-to-date symlink: /home/ommore5807/Workspaces/ros2_py_ws/install/encoder/share/encoder/environment/path.sh
[0.687s] -- Up-to-date symlink: /home/ommore5807/Workspaces/ros2_py_ws/install/encoder/share/encoder/environment/path.dsv
[0.687s] -- Up-to-date symlink: /home/ommore5807/Workspaces/ros2_py_ws/install/encoder/share/encoder/local_setup.bash
[0.687s] -- Up-to-date symlink: /home/ommore5807/Workspaces/ros2_py_ws/install/encoder/share/encoder/local_setup.sh
[0.687s] -- Up-to-date symlink: /home/ommore5807/Workspaces/ros2_py_ws/install/encoder/share/encoder/local_setup.zsh
[0.687s] -- Up-to-date symlink: /home/ommore5807/Workspaces/ros2_py_ws/install/encoder/share/encoder/local_setup.dsv
[0.687s] -- Symlinking: /home/ommore5807/Workspaces/ros2_py_ws/install/encoder/share/encoder/package.dsv
[0.699s] -- Up-to-date symlink: /home/ommore5807/Workspaces/ros2_py_ws/install/encoder/share/ament_index/resource_index/packages/encoder
[0.699s] -- Up-to-date symlink: /home/ommore5807/Workspaces/ros2_py_ws/install/encoder/share/encoder/cmake/encoderConfig.cmake
[0.699s] -- Up-to-date symlink: /home/ommore5807/Workspaces/ros2_py_ws/install/encoder/share/encoder/cmake/encoderConfig-version.cmake
[0.700s] -- Up-to-date symlink: /home/ommore5807/Workspaces/ros2_py_ws/install/encoder/share/encoder/package.xml
[0.733s] Listing '/home/ommore5807/Workspaces/ros2_py_ws/install/encoder/local/lib/python3.10/dist-packages/scripts'...
[0.741s] Invoked command in '/home/ommore5807/Workspaces/ros2_py_ws/build/encoder' returned '0': CMAKE_PREFIX_PATH=${CMAKE_PREFIX_PATH}:/home/ommore5807/Workspaces/ros2_py_ws/install/my_py_pkg:/opt/ros/humble /usr/bin/cmake --install /home/ommore5807/Workspaces/ros2_py_ws/build/encoder
